Defaulting to user installation because normal site-packages is not writeable
Collecting camelot-py[cv]
  Using cached camelot_py-1.0.9-py3-none-any.whl.metadata (9.8 kB)
WARNING: camelot-py 1.0.9 does not provide the extra 'cv'
Requirement already satisfied: click>=8.0.1 in c:\users\parva\appdata\roaming\python\python313\site-packages (from camelot-py[cv]) (8.3.0)
Collecting chardet>=5.1.0 (from camelot-py[cv])
  Using cached chardet-7.0.1-cp313-cp313-win_amd64.whl.metadata (7.1 kB)
Requirement already satisfied: numpy>=1.26.1 in c:\users\parva\appdata\roaming\python\python313\site-packages (from camelot-py[cv]) (2.2.6)
Collecting openpyxl>=3.1.0 (from camelot-py[cv])
  Using cached openpyxl-3.1.5-py2.py3-none-any.whl.metadata (2.5 kB)
Collecting pdfminer-six>=20240706 (from camelot-py[cv])
  Using cached pdfminer_six-20260107-py3-none-any.whl.metadata (4.3 kB)
Collecting pypdf<6.0,>=4.0 (from camelot-py[cv])
  Using cached pypdf-5.9.0-py3-none-any.whl.metadata (7.1 kB)
Requirement already satisfied: pandas>=2.2.2 in c:\users\parva\appdata\roaming\python\python313\site-packages (from camelot-py[cv]) (2.3.3)
Collecting tabulate>=0.9.0 (from camelot-py[cv])
  Using cached tabulate-0.10.0-py3-none-any.whl.metadata (40 kB)
Collecting opencv-python-headless>=4.7.0.68 (from camelot-py[cv])
  Using cached opencv_python_headless-4.13.0.92-cp37-abi3-win_amd64.whl.metadata (20 kB)
Collecting pypdfium2>=4 (from camelot-py[cv])
  Using cached pypdfium2-5.6.0-py3-none-win_amd64.whl.metadata (68 kB)
Requirement already satisfied: pillow>=10.4.0 in c:\users\parva\appdata\roaming\python\python313\site-packages (from camelot-py[cv]) (11.3.0)
Requirement already satisfied: colorama in c:\users\parva\appdata\roaming\python\python313\site-packages (from click>=8.0.1->camelot-py[cv]) (0.4.6)
Collecting et-xmlfile (from openpyxl>=3.1.0->camelot-py[cv])
  Using cached et_xmlfile-2.0.0-py3-none-any.whl.metadata (2.7 kB)
Requirement already satisfied: python-dateutil>=2.8.2 in c:\users\parva\appdata\roaming\python\python313\site-packages (from pandas>=2.2.2->camelot-py[cv]) (2.9.0.post0)
Requirement already satisfied: pytz>=2020.1 in c:\users\parva\appdata\roaming\python\python313\site-packages (from pandas>=2.2.2->camelot-py[cv]) (2025.2)
Requirement already satisfied: tzdata>=2022.7 in c:\users\parva\appdata\roaming\python\python313\site-packages (from pandas>=2.2.2->camelot-py[cv]) (2025.2)
Requirement already satisfied: charset-normalizer>=2.0.0 in c:\users\parva\appdata\roaming\python\python313\site-packages (from pdfminer-six>=20240706->camelot-py[cv]) (3.4.1)
Collecting cryptography>=36.0.0 (from pdfminer-six>=20240706->camelot-py[cv])
  Using cached cryptography-46.0.5-cp311-abi3-win_amd64.whl.metadata (5.7 kB)
Collecting cffi>=2.0.0 (from cryptography>=36.0.0->pdfminer-six>=20240706->camelot-py[cv])
  Using cached cffi-2.0.0-cp313-cp313-win_amd64.whl.metadata (2.6 kB)
Collecting pycparser (from cffi>=2.0.0->cryptography>=36.0.0->pdfminer-six>=20240706->camelot-py[cv])
  Using cached pycparser-3.0-py3-none-any.whl.metadata (8.2 kB)
Requirement already satisfied: six>=1.5 in c:\users\parva\appdata\roaming\python\python313\site-packages (from python-dateutil>=2.8.2->pandas>=2.2.2->camelot-py[cv]) (1.17.0)
Using cached camelot_py-1.0.9-py3-none-any.whl (66 kB)
Using cached pypdf-5.9.0-py3-none-any.whl (313 kB)
Using cached chardet-7.0.1-cp313-cp313-win_amd64.whl (524 kB)
Using cached opencv_python_headless-4.13.0.92-cp37-abi3-win_amd64.whl (40.1 MB)
Using cached openpyxl-3.1.5-py2.py3-none-any.whl (250 kB)
Downloading pdfminer_six-20260107-py3-none-any.whl (6.6 MB)
   ---------------------------------------- 6.6/6.6 MB 3.3 MB/s eta 0:00:00
Using cached cryptography-46.0.5-cp311-abi3-win_amd64.whl (3.5 MB)
Using cached cffi-2.0.0-cp313-cp313-win_amd64.whl (183 kB)
Downloading pypdfium2-5.6.0-py3-none-win_amd64.whl (3.7 MB)
   ---------------------------------------- 3.7/3.7 MB 4.8 MB/s eta 0:00:00
Downloading tabulate-0.10.0-py3-none-any.whl (39 kB)
Downloading et_xmlfile-2.0.0-py3-none-any.whl (18 kB)
Using cached pycparser-3.0-py3-none-any.whl (48 kB)
Installing collected packages: tabulate, pypdfium2, pypdf, pycparser, opencv-python-headless, et-xmlfile, chardet, openpyxl, cffi, cryptography, pdfminer-six, camelot-py
  WARNING: The script tabulate.exe is installed in 'C:\Users\Parva\AppData\Roaming\Python\Python313\Scripts' which is not on PATH.
  Consider adding this directory to PATH or, if you prefer to suppress this warning, use --no-warn-script-location.
  WARNING: The script pypdfium2.exe is installed in 'C:\Users\Parva\AppData\Roaming\Python\Python313\Scripts' which is not on PATH.
  Consider adding this directory to PATH or, if you prefer to suppress this warning, use --no-warn-script-location.
  WARNING: The script chardetect.exe is installed in 'C:\Users\Parva\AppData\Roaming\Python\Python313\Scripts' which is not on PATH.
  Consider adding this directory to PATH or, if you prefer to suppress this warning, use --no-warn-script-location.
  WARNING: The script camelot.exe is installed in 'C:\Users\Parva\AppData\Roaming\Python\Python313\Scripts' which is not on PATH.
  Consider adding this directory to PATH or, if you prefer to suppress this warning, use --no-warn-script-location.

Successfully installed camelot-py-1.0.9 cffi-2.0.0 chardet-7.0.1 cryptography-46.0.5 et-xmlfile-2.0.0 opencv-python-headless-4.13.0.92 openpyxl-3.1.5 pdfminer-six-20260107 pycparser-3.0 pypdf-5.9.0 pypdfium2-5.6.0 tabulate-0.10.0

[notice] A new release of pip is available: 25.1.1 -> 26.0.1
[notice] To update, run: python.exe -m pip install --upgrade pip
